0 info it worked if it ends with ok
1 verbose cli [ '/Users/WilliaN/.meteor/packages/meteor-tool/.1.4.2.linq4z++os.osx.x86_64+web.browser+web.cordova/mt-os.osx.x86_64/dev_bundle/bin/node',
1 verbose cli   '/Users/WilliaN/.meteor/packages/meteor-tool/.1.4.2.linq4z++os.osx.x86_64+web.browser+web.cordova/mt-os.osx.x86_64/dev_bundle/bin/npm',
1 verbose cli   'install',
1 verbose cli   '--save',
1 verbose cli   'bcrypt' ]
2 info using npm@3.10.9
3 info using node@v4.6.1
4 silly loadCurrentTree Starting
5 silly install loadCurrentTree
6 silly install readLocalPackageData
7 silly fetchPackageMetaData bcrypt
8 silly fetchNamedPackageData bcrypt
9 silly mapToRegistry name bcrypt
10 silly mapToRegistry using default registry
11 silly mapToRegistry registry https://registry.npmjs.org/
12 silly mapToRegistry data Result {
12 silly mapToRegistry   raw: 'bcrypt',
12 silly mapToRegistry   scope: null,
12 silly mapToRegistry   escapedName: 'bcrypt',
12 silly mapToRegistry   name: 'bcrypt',
12 silly mapToRegistry   rawSpec: '',
12 silly mapToRegistry   spec: 'latest',
12 silly mapToRegistry   type: 'tag' }
13 silly mapToRegistry uri https://registry.npmjs.org/bcrypt
14 verbose request uri https://registry.npmjs.org/bcrypt
15 verbose request no auth needed
16 info attempt registry request try #1 at 10:06:45 PM
17 verbose request id f22fd3dcccc60702
18 http request GET https://registry.npmjs.org/bcrypt
19 http 200 https://registry.npmjs.org/bcrypt
20 verbose headers { server: 'CouchDB/1.5.0 (Erlang OTP/R16B03)',
20 verbose headers   etag: '"DVM4B6S5JX5FCOHTNHDAX7FRP"',
20 verbose headers   'content-type': 'application/json',
20 verbose headers   'content-encoding': 'gzip',
20 verbose headers   'cache-control': 'max-age=300',
20 verbose headers   'content-length': '11936',
20 verbose headers   'accept-ranges': 'bytes',
20 verbose headers   date: 'Sun, 30 Oct 2016 02:06:45 GMT',
20 verbose headers   via: '1.1 varnish',
20 verbose headers   age: '274',
20 verbose headers   connection: 'keep-alive',
20 verbose headers   'x-served-by': 'cache-ord1728-ORD',
20 verbose headers   'x-cache': 'HIT',
20 verbose headers   'x-cache-hits': '1',
20 verbose headers   'x-timer': 'S1477793205.737589,VS0,VE0',
20 verbose headers   vary: 'Accept-Encoding' }
21 silly get cb [ 200,
21 silly get   { server: 'CouchDB/1.5.0 (Erlang OTP/R16B03)',
21 silly get     etag: '"DVM4B6S5JX5FCOHTNHDAX7FRP"',
21 silly get     'content-type': 'application/json',
21 silly get     'content-encoding': 'gzip',
21 silly get     'cache-control': 'max-age=300',
21 silly get     'content-length': '11936',
21 silly get     'accept-ranges': 'bytes',
21 silly get     date: 'Sun, 30 Oct 2016 02:06:45 GMT',
21 silly get     via: '1.1 varnish',
21 silly get     age: '274',
21 silly get     connection: 'keep-alive',
21 silly get     'x-served-by': 'cache-ord1728-ORD',
21 silly get     'x-cache': 'HIT',
21 silly get     'x-cache-hits': '1',
21 silly get     'x-timer': 'S1477793205.737589,VS0,VE0',
21 silly get     vary: 'Accept-Encoding' } ]
22 verbose get saving bcrypt to /Users/WilliaN/.npm/registry.npmjs.org/bcrypt/.cache.json
23 verbose correctMkdir /Users/WilliaN/.npm correctMkdir not in flight; initializing
24 silly install normalizeTree
25 silly loadCurrentTree Finishing
26 silly loadIdealTree Starting
27 silly install loadIdealTree
28 silly cloneCurrentTree Starting
29 silly install cloneCurrentTreeToIdealTree
30 silly cloneCurrentTree Finishing
31 silly loadShrinkwrap Starting
32 silly install loadShrinkwrap
33 silly loadShrinkwrap Finishing
34 silly loadAllDepsIntoIdealTree Starting
35 silly install loadAllDepsIntoIdealTree
36 silly resolveWithNewModule bcrypt@0.8.7 checking installable status
37 silly cache add args [ 'bcrypt', null ]
38 verbose cache add spec bcrypt
39 silly cache add parsed spec Result {
39 silly cache add   raw: 'bcrypt',
39 silly cache add   scope: null,
39 silly cache add   escapedName: 'bcrypt',
39 silly cache add   name: 'bcrypt',
39 silly cache add   rawSpec: '',
39 silly cache add   spec: 'latest',
39 silly cache add   type: 'tag' }
40 silly addNamed bcrypt@latest
41 verbose addNamed "latest" is being treated as a dist-tag for bcrypt
42 info addNameTag [ 'bcrypt', 'latest' ]
43 silly mapToRegistry name bcrypt
44 silly mapToRegistry using default registry
45 silly mapToRegistry registry https://registry.npmjs.org/
46 silly mapToRegistry data Result {
46 silly mapToRegistry   raw: 'bcrypt',
46 silly mapToRegistry   scope: null,
46 silly mapToRegistry   escapedName: 'bcrypt',
46 silly mapToRegistry   name: 'bcrypt',
46 silly mapToRegistry   rawSpec: '',
46 silly mapToRegistry   spec: 'latest',
46 silly mapToRegistry   type: 'tag' }
47 silly mapToRegistry uri https://registry.npmjs.org/bcrypt
48 verbose addNameTag registry:https://registry.npmjs.org/bcrypt not in flight; fetching
49 verbose get https://registry.npmjs.org/bcrypt not expired, no request
50 silly addNameTag next cb for bcrypt with tag latest
51 silly addNamed bcrypt@0.8.7
52 verbose addNamed "0.8.7" is a plain semver version for bcrypt
53 silly mapToRegistry name bcrypt
54 silly mapToRegistry using default registry
55 silly mapToRegistry registry https://registry.npmjs.org/
56 silly mapToRegistry data Result {
56 silly mapToRegistry   raw: 'bcrypt',
56 silly mapToRegistry   scope: null,
56 silly mapToRegistry   escapedName: 'bcrypt',
56 silly mapToRegistry   name: 'bcrypt',
56 silly mapToRegistry   rawSpec: '',
56 silly mapToRegistry   spec: 'latest',
56 silly mapToRegistry   type: 'tag' }
57 silly mapToRegistry uri https://registry.npmjs.org/bcrypt
58 verbose addRemoteTarball https://registry.npmjs.org/bcrypt/-/bcrypt-0.8.7.tgz not in flight; adding
59 verbose addRemoteTarball [ 'https://registry.npmjs.org/bcrypt/-/bcrypt-0.8.7.tgz',
59 verbose addRemoteTarball   'bc3875a9afd0a7b2cd231a6a7f218a5ce156b093' ]
60 info retry fetch attempt 1 at 10:06:45 PM
61 info attempt registry request try #1 at 10:06:45 PM
62 http fetch GET https://registry.npmjs.org/bcrypt/-/bcrypt-0.8.7.tgz
63 http fetch 200 https://registry.npmjs.org/bcrypt/-/bcrypt-0.8.7.tgz
64 silly fetchAndShaCheck shasum bc3875a9afd0a7b2cd231a6a7f218a5ce156b093
65 verbose addTmpTarball /var/folders/p1/c5938wj51vx5dzc53dpd9s780000gn/T/npm-75581-24cc2329/registry.npmjs.org/bcrypt/-/bcrypt-0.8.7.tgz not in flight; adding
66 verbose addTmpTarball already have metadata; skipping unpack for bcrypt@0.8.7
67 verbose correctMkdir /Users/WilliaN/.npm correctMkdir not in flight; initializing
68 silly cache afterAdd bcrypt@0.8.7
69 verbose afterAdd /Users/WilliaN/.npm/bcrypt/0.8.7/package/package.json not in flight; writing
70 verbose correctMkdir /Users/WilliaN/.npm correctMkdir not in flight; initializing
71 verbose afterAdd /Users/WilliaN/.npm/bcrypt/0.8.7/package/package.json written
72 silly fetchNamedPackageData bindings
73 silly mapToRegistry name bindings
74 silly mapToRegistry using default registry
75 silly mapToRegistry registry https://registry.npmjs.org/
76 silly mapToRegistry data Result {
76 silly mapToRegistry   raw: 'bindings',
76 silly mapToRegistry   scope: null,
76 silly mapToRegistry   escapedName: 'bindings',
76 silly mapToRegistry   name: 'bindings',
76 silly mapToRegistry   rawSpec: '',
76 silly mapToRegistry   spec: 'latest',
76 silly mapToRegistry   type: 'tag' }
77 silly mapToRegistry uri https://registry.npmjs.org/bindings
78 silly fetchNamedPackageData nan
79 silly mapToRegistry name nan
80 silly mapToRegistry using default registry
81 silly mapToRegistry registry https://registry.npmjs.org/
82 silly mapToRegistry data Result {
82 silly mapToRegistry   raw: 'nan',
82 silly mapToRegistry   scope: null,
82 silly mapToRegistry   escapedName: 'nan',
82 silly mapToRegistry   name: 'nan',
82 silly mapToRegistry   rawSpec: '',
82 silly mapToRegistry   spec: 'latest',
82 silly mapToRegistry   type: 'tag' }
83 silly mapToRegistry uri https://registry.npmjs.org/nan
84 verbose request uri https://registry.npmjs.org/bindings
85 verbose request no auth needed
86 info attempt registry request try #1 at 10:06:45 PM
87 http request GET https://registry.npmjs.org/bindings
88 http 200 https://registry.npmjs.org/bindings
89 verbose headers { server: 'CouchDB/1.5.0 (Erlang OTP/R16B03)',
89 verbose headers   etag: '"8QW29MHCPCE6VJCVI3QVXRJAQ"',
89 verbose headers   'content-type': 'application/json',
89 verbose headers   'content-encoding': 'gzip',
89 verbose headers   'cache-control': 'max-age=300',
89 verbose headers   'content-length': '3832',
89 verbose headers   'accept-ranges': 'bytes',
89 verbose headers   date: 'Sun, 30 Oct 2016 02:06:45 GMT',
89 verbose headers   via: '1.1 varnish',
89 verbose headers   age: '124',
89 verbose headers   connection: 'keep-alive',
89 verbose headers   'x-served-by': 'cache-ord1728-ORD',
89 verbose headers   'x-cache': 'HIT',
89 verbose headers   'x-cache-hits': '1',
89 verbose headers   'x-timer': 'S1477793205.981191,VS0,VE0',
89 verbose headers   vary: 'Accept-Encoding' }
90 silly get cb [ 200,
90 silly get   { server: 'CouchDB/1.5.0 (Erlang OTP/R16B03)',
90 silly get     etag: '"8QW29MHCPCE6VJCVI3QVXRJAQ"',
90 silly get     'content-type': 'application/json',
90 silly get     'content-encoding': 'gzip',
90 silly get     'cache-control': 'max-age=300',
90 silly get     'content-length': '3832',
90 silly get     'accept-ranges': 'bytes',
90 silly get     date: 'Sun, 30 Oct 2016 02:06:45 GMT',
90 silly get     via: '1.1 varnish',
90 silly get     age: '124',
90 silly get     connection: 'keep-alive',
90 silly get     'x-served-by': 'cache-ord1728-ORD',
90 silly get     'x-cache': 'HIT',
90 silly get     'x-cache-hits': '1',
90 silly get     'x-timer': 'S1477793205.981191,VS0,VE0',
90 silly get     vary: 'Accept-Encoding' } ]
91 verbose get saving bindings to /Users/WilliaN/.npm/registry.npmjs.org/bindings/.cache.json
92 verbose correctMkdir /Users/WilliaN/.npm correctMkdir not in flight; initializing
93 verbose request uri https://registry.npmjs.org/nan
94 verbose request no auth needed
95 info attempt registry request try #1 at 10:06:45 PM
96 verbose etag "24B26O57Z0ASCDVIYEYKA8KVW"
97 http request GET https://registry.npmjs.org/nan
98 silly resolveWithNewModule bindings@1.2.1 checking installable status
99 silly cache add args [ 'bindings@1.2.1', null ]
100 verbose cache add spec bindings@1.2.1
101 silly cache add parsed spec Result {
101 silly cache add   raw: 'bindings@1.2.1',
101 silly cache add   scope: null,
101 silly cache add   escapedName: 'bindings',
101 silly cache add   name: 'bindings',
101 silly cache add   rawSpec: '1.2.1',
101 silly cache add   spec: '1.2.1',
101 silly cache add   type: 'version' }
102 silly addNamed bindings@1.2.1
103 verbose addNamed "1.2.1" is a plain semver version for bindings
104 silly mapToRegistry name bindings
105 silly mapToRegistry using default registry
106 silly mapToRegistry registry https://registry.npmjs.org/
107 silly mapToRegistry data Result {
107 silly mapToRegistry   raw: 'bindings',
107 silly mapToRegistry   scope: null,
107 silly mapToRegistry   escapedName: 'bindings',
107 silly mapToRegistry   name: 'bindings',
107 silly mapToRegistry   rawSpec: '',
107 silly mapToRegistry   spec: 'latest',
107 silly mapToRegistry   type: 'tag' }
108 silly mapToRegistry uri https://registry.npmjs.org/bindings
109 verbose addNameVersion registry:https://registry.npmjs.org/bindings not in flight; fetching
110 verbose get https://registry.npmjs.org/bindings not expired, no request
111 silly mapToRegistry name bindings
112 silly mapToRegistry using default registry
113 silly mapToRegistry registry https://registry.npmjs.org/
114 silly mapToRegistry data Result {
114 silly mapToRegistry   raw: 'bindings',
114 silly mapToRegistry   scope: null,
114 silly mapToRegistry   escapedName: 'bindings',
114 silly mapToRegistry   name: 'bindings',
114 silly mapToRegistry   rawSpec: '',
114 silly mapToRegistry   spec: 'latest',
114 silly mapToRegistry   type: 'tag' }
115 silly mapToRegistry uri https://registry.npmjs.org/bindings
116 verbose addRemoteTarball https://registry.npmjs.org/bindings/-/bindings-1.2.1.tgz not in flight; adding
117 verbose addRemoteTarball [ 'https://registry.npmjs.org/bindings/-/bindings-1.2.1.tgz',
117 verbose addRemoteTarball   '14ad6113812d2d37d72e67b4cacb4bb726505f11' ]
118 info retry fetch attempt 1 at 10:06:45 PM
119 info attempt registry request try #1 at 10:06:45 PM
120 http fetch GET https://registry.npmjs.org/bindings/-/bindings-1.2.1.tgz
121 http 200 https://registry.npmjs.org/nan
122 verbose headers { server: 'CouchDB/1.6.1 (Erlang OTP/R16B03)',
122 verbose headers   etag: '"2QXFPVXUU9DUUTAACVV4FOU2Z"',
122 verbose headers   'content-type': 'application/json',
122 verbose headers   'content-encoding': 'gzip',
122 verbose headers   'cache-control': 'max-age=300',
122 verbose headers   'content-length': '17179',
122 verbose headers   'accept-ranges': 'bytes',
122 verbose headers   date: 'Sun, 30 Oct 2016 02:06:46 GMT',
122 verbose headers   via: '1.1 varnish',
122 verbose headers   age: '65',
122 verbose headers   connection: 'keep-alive',
122 verbose headers   'x-served-by': 'cache-ord1728-ORD',
122 verbose headers   'x-cache': 'HIT',
122 verbose headers   'x-cache-hits': '1',
122 verbose headers   'x-timer': 'S1477793206.031444,VS0,VE0',
122 verbose headers   vary: 'Accept-Encoding' }
123 silly get cb [ 200,
123 silly get   { server: 'CouchDB/1.6.1 (Erlang OTP/R16B03)',
123 silly get     etag: '"2QXFPVXUU9DUUTAACVV4FOU2Z"',
123 silly get     'content-type': 'application/json',
123 silly get     'content-encoding': 'gzip',
123 silly get     'cache-control': 'max-age=300',
123 silly get     'content-length': '17179',
123 silly get     'accept-ranges': 'bytes',
123 silly get     date: 'Sun, 30 Oct 2016 02:06:46 GMT',
123 silly get     via: '1.1 varnish',
123 silly get     age: '65',
123 silly get     connection: 'keep-alive',
123 silly get     'x-served-by': 'cache-ord1728-ORD',
123 silly get     'x-cache': 'HIT',
123 silly get     'x-cache-hits': '1',
123 silly get     'x-timer': 'S1477793206.031444,VS0,VE0',
123 silly get     vary: 'Accept-Encoding' } ]
124 verbose get saving nan to /Users/WilliaN/.npm/registry.npmjs.org/nan/.cache.json
125 verbose correctMkdir /Users/WilliaN/.npm correctMkdir not in flight; initializing
126 silly resolveWithNewModule nan@2.3.5 checking installable status
127 silly cache add args [ 'nan@2.3.5', null ]
128 verbose cache add spec nan@2.3.5
129 silly cache add parsed spec Result {
129 silly cache add   raw: 'nan@2.3.5',
129 silly cache add   scope: null,
129 silly cache add   escapedName: 'nan',
129 silly cache add   name: 'nan',
129 silly cache add   rawSpec: '2.3.5',
129 silly cache add   spec: '2.3.5',
129 silly cache add   type: 'version' }
130 silly addNamed nan@2.3.5
131 verbose addNamed "2.3.5" is a plain semver version for nan
132 silly mapToRegistry name nan
133 silly mapToRegistry using default registry
134 silly mapToRegistry registry https://registry.npmjs.org/
135 silly mapToRegistry data Result {
135 silly mapToRegistry   raw: 'nan',
135 silly mapToRegistry   scope: null,
135 silly mapToRegistry   escapedName: 'nan',
135 silly mapToRegistry   name: 'nan',
135 silly mapToRegistry   rawSpec: '',
135 silly mapToRegistry   spec: 'latest',
135 silly mapToRegistry   type: 'tag' }
136 silly mapToRegistry uri https://registry.npmjs.org/nan
137 verbose addNameVersion registry:https://registry.npmjs.org/nan not in flight; fetching
138 verbose get https://registry.npmjs.org/nan not expired, no request
139 silly mapToRegistry name nan
140 silly mapToRegistry using default registry
141 silly mapToRegistry registry https://registry.npmjs.org/
142 silly mapToRegistry data Result {
142 silly mapToRegistry   raw: 'nan',
142 silly mapToRegistry   scope: null,
142 silly mapToRegistry   escapedName: 'nan',
142 silly mapToRegistry   name: 'nan',
142 silly mapToRegistry   rawSpec: '',
142 silly mapToRegistry   spec: 'latest',
142 silly mapToRegistry   type: 'tag' }
143 silly mapToRegistry uri https://registry.npmjs.org/nan
144 verbose addRemoteTarball https://registry.npmjs.org/nan/-/nan-2.3.5.tgz not in flight; adding
145 verbose addRemoteTarball [ 'https://registry.npmjs.org/nan/-/nan-2.3.5.tgz',
145 verbose addRemoteTarball   '822a0dc266290ce4cd3a12282ca3e7e364668a08' ]
146 info retry fetch attempt 1 at 10:06:46 PM
147 info attempt registry request try #1 at 10:06:46 PM
148 http fetch GET https://registry.npmjs.org/nan/-/nan-2.3.5.tgz
149 http fetch 200 https://registry.npmjs.org/nan/-/nan-2.3.5.tgz
150 http fetch 200 https://registry.npmjs.org/bindings/-/bindings-1.2.1.tgz
151 silly fetchAndShaCheck shasum 822a0dc266290ce4cd3a12282ca3e7e364668a08
152 silly fetchAndShaCheck shasum 14ad6113812d2d37d72e67b4cacb4bb726505f11
153 verbose addTmpTarball /var/folders/p1/c5938wj51vx5dzc53dpd9s780000gn/T/npm-75581-24cc2329/registry.npmjs.org/nan/-/nan-2.3.5.tgz not in flight; adding
154 verbose addTmpTarball already have metadata; skipping unpack for nan@2.3.5
155 verbose correctMkdir /Users/WilliaN/.npm correctMkdir not in flight; initializing
156 verbose addTmpTarball /var/folders/p1/c5938wj51vx5dzc53dpd9s780000gn/T/npm-75581-24cc2329/registry.npmjs.org/bindings/-/bindings-1.2.1.tgz not in flight; adding
157 verbose addTmpTarball already have metadata; skipping unpack for bindings@1.2.1
158 verbose correctMkdir /Users/WilliaN/.npm correctMkdir not in flight; initializing
159 silly cache afterAdd nan@2.3.5
160 verbose afterAdd /Users/WilliaN/.npm/nan/2.3.5/package/package.json not in flight; writing
161 verbose correctMkdir /Users/WilliaN/.npm correctMkdir not in flight; initializing
162 silly cache afterAdd bindings@1.2.1
163 verbose afterAdd /Users/WilliaN/.npm/bindings/1.2.1/package/package.json not in flight; writing
164 verbose correctMkdir /Users/WilliaN/.npm correctMkdir not in flight; initializing
165 verbose afterAdd /Users/WilliaN/.npm/nan/2.3.5/package/package.json written
166 verbose afterAdd /Users/WilliaN/.npm/bindings/1.2.1/package/package.json written
167 silly loadAllDepsIntoIdealTree Finishing
168 silly loadIdealTree Finishing
169 silly currentTree checkers@
170 silly idealTree checkers@
170 silly idealTree ├── bcrypt@0.8.7
170 silly idealTree ├── bindings@1.2.1
170 silly idealTree └── nan@2.3.5
171 silly generateActionsToTake Starting
172 silly install generateActionsToTake
173 silly generateActionsToTake Finishing
174 silly diffTrees action count 3
175 silly diffTrees add bindings@1.2.1
176 silly diffTrees add nan@2.3.5
177 silly diffTrees add bcrypt@0.8.7
178 silly decomposeActions action count 24
179 silly decomposeActions fetch bindings@1.2.1
180 silly decomposeActions extract bindings@1.2.1
181 silly decomposeActions test bindings@1.2.1
182 silly decomposeActions preinstall bindings@1.2.1
183 silly decomposeActions build bindings@1.2.1
184 silly decomposeActions install bindings@1.2.1
185 silly decomposeActions postinstall bindings@1.2.1
186 silly decomposeActions finalize bindings@1.2.1
187 silly decomposeActions fetch nan@2.3.5
188 silly decomposeActions extract nan@2.3.5
189 silly decomposeActions test nan@2.3.5
190 silly decomposeActions preinstall nan@2.3.5
191 silly decomposeActions build nan@2.3.5
192 silly decomposeActions install nan@2.3.5
193 silly decomposeActions postinstall nan@2.3.5
194 silly decomposeActions finalize nan@2.3.5
195 silly decomposeActions fetch bcrypt@0.8.7
196 silly decomposeActions extract bcrypt@0.8.7
197 silly decomposeActions test bcrypt@0.8.7
198 silly decomposeActions preinstall bcrypt@0.8.7
199 silly decomposeActions build bcrypt@0.8.7
200 silly decomposeActions install bcrypt@0.8.7
201 silly decomposeActions postinstall bcrypt@0.8.7
202 silly decomposeActions finalize bcrypt@0.8.7
203 silly runTopLevelLifecycles Starting
204 silly executeActions Starting
205 silly install executeActions
206 silly doSerial global-install 0
207 silly doParallel fetch 3
208 verbose correctMkdir /Users/WilliaN/.npm/_locks correctMkdir not in flight; initializing
209 verbose lock using /Users/WilliaN/.npm/_locks/staging-c2aef59907174763.lock for /Users/WilliaN/Desktop/IndependentStudies/meteor/checkers/node_modules/.staging
210 silly doParallel extract 3
211 silly extract bindings@1.2.1
212 silly extract nan@2.3.5
213 silly extract bcrypt@0.8.7
214 verbose unbuild node_modules/.staging/bindings-d4a8a6dc
215 verbose unbuild node_modules/.staging/nan-1b757d39
216 verbose unbuild node_modules/.staging/bcrypt-55d96402
217 silly gentlyRm /Users/WilliaN/Desktop/IndependentStudies/meteor/checkers/node_modules/.staging/bindings-d4a8a6dc is being purged from base /Users/WilliaN/Desktop/IndependentStudies/meteor/checkers
218 verbose gentlyRm don't care about contents; nuking /Users/WilliaN/Desktop/IndependentStudies/meteor/checkers/node_modules/.staging/bindings-d4a8a6dc
219 silly gentlyRm /Users/WilliaN/Desktop/IndependentStudies/meteor/checkers/node_modules/.staging/nan-1b757d39 is being purged from base /Users/WilliaN/Desktop/IndependentStudies/meteor/checkers
220 verbose gentlyRm don't care about contents; nuking /Users/WilliaN/Desktop/IndependentStudies/meteor/checkers/node_modules/.staging/nan-1b757d39
221 silly gentlyRm /Users/WilliaN/Desktop/IndependentStudies/meteor/checkers/node_modules/.staging/bcrypt-55d96402 is being purged from base /Users/WilliaN/Desktop/IndependentStudies/meteor/checkers
222 verbose gentlyRm don't care about contents; nuking /Users/WilliaN/Desktop/IndependentStudies/meteor/checkers/node_modules/.staging/bcrypt-55d96402
223 verbose tar unpack /Users/WilliaN/.npm/bindings/1.2.1/package.tgz
224 verbose tar unpacking to /Users/WilliaN/Desktop/IndependentStudies/meteor/checkers/node_modules/.staging/bindings-d4a8a6dc
225 silly gentlyRm /Users/WilliaN/Desktop/IndependentStudies/meteor/checkers/node_modules/.staging/bindings-d4a8a6dc is being purged
226 verbose gentlyRm don't care about contents; nuking /Users/WilliaN/Desktop/IndependentStudies/meteor/checkers/node_modules/.staging/bindings-d4a8a6dc
227 verbose tar unpack /Users/WilliaN/.npm/nan/2.3.5/package.tgz
228 verbose tar unpacking to /Users/WilliaN/Desktop/IndependentStudies/meteor/checkers/node_modules/.staging/nan-1b757d39
229 silly gentlyRm /Users/WilliaN/Desktop/IndependentStudies/meteor/checkers/node_modules/.staging/nan-1b757d39 is being purged
230 verbose gentlyRm don't care about contents; nuking /Users/WilliaN/Desktop/IndependentStudies/meteor/checkers/node_modules/.staging/nan-1b757d39
231 verbose tar unpack /Users/WilliaN/.npm/bcrypt/0.8.7/package.tgz
232 verbose tar unpacking to /Users/WilliaN/Desktop/IndependentStudies/meteor/checkers/node_modules/.staging/bcrypt-55d96402
233 silly gentlyRm /Users/WilliaN/Desktop/IndependentStudies/meteor/checkers/node_modules/.staging/bcrypt-55d96402 is being purged
234 verbose gentlyRm don't care about contents; nuking /Users/WilliaN/Desktop/IndependentStudies/meteor/checkers/node_modules/.staging/bcrypt-55d96402
235 silly gunzTarPerm modes [ '755', '644' ]
236 silly gunzTarPerm modes [ '755', '644' ]
237 silly gunzTarPerm modes [ '755', '644' ]
238 silly gunzTarPerm extractEntry package.json
239 silly gunzTarPerm extractEntry package.json
240 silly gunzTarPerm modified mode [ 'package.json', 436, 420 ]
241 silly gunzTarPerm extractEntry package.json
242 silly gunzTarPerm extractEntry README.md
243 silly gunzTarPerm extractEntry bindings.js
244 silly gunzTarPerm extractEntry README.md
245 silly gunzTarPerm modified mode [ 'README.md', 436, 420 ]
246 silly gunzTarPerm extractEntry include_dirs.js
247 silly gunzTarPerm modified mode [ 'include_dirs.js', 436, 420 ]
248 silly gunzTarPerm extractEntry .npmignore
249 silly gunzTarPerm extractEntry README.md
250 silly gunzTarPerm extractEntry LICENSE
251 silly gunzTarPerm extractEntry bcrypt.js
252 silly gunzTarPerm extractEntry Makefile
253 silly gunzTarPerm extractEntry .travis.yml
254 silly gunzTarPerm extractEntry CHANGELOG.md
255 silly gunzTarPerm extractEntry binding.gyp
256 silly gunzTarPerm extractEntry examples/async_compare.js
257 silly gunzTarPerm extractEntry examples/forever_gen_salt.js
258 silly gunzTarPerm extractEntry test/async.js
259 silly gunzTarPerm extractEntry test/repetitions.js
260 silly gunzTarPerm extractEntry test/sync.js
261 silly gunzTarPerm extractEntry ISSUE_TEMPLATE.md
262 silly gunzTarPerm extractEntry src/bcrypt.cc
263 silly gunzTarPerm extractEntry src/bcrypt_node.cc
264 silly gunzTarPerm extractEntry src/blowfish.cc
265 silly gunzTarPerm extractEntry src/node_blf.h
266 silly gunzTarPerm extractEntry werker.yml
267 silly gunzTarPerm extractEntry nan_converters.h
268 silly gunzTarPerm modified mode [ 'nan_converters.h', 436, 420 ]
269 silly gunzTarPerm extractEntry LICENSE.md
270 silly gunzTarPerm modified mode [ 'LICENSE.md', 436, 420 ]
271 silly gunzTarPerm extractEntry doc/node_misc.md
272 silly gunzTarPerm modified mode [ 'doc/node_misc.md', 436, 420 ]
273 silly gunzTarPerm extractEntry doc/asyncworker.md
274 silly gunzTarPerm modified mode [ 'doc/asyncworker.md', 436, 420 ]
275 silly gunzTarPerm extractEntry doc/callback.md
276 silly gunzTarPerm modified mode [ 'doc/callback.md', 436, 420 ]
277 silly gunzTarPerm extractEntry doc/converters.md
278 silly gunzTarPerm modified mode [ 'doc/converters.md', 436, 420 ]
279 silly gunzTarPerm extractEntry doc/errors.md
280 silly gunzTarPerm modified mode [ 'doc/errors.md', 436, 420 ]
281 silly gunzTarPerm extractEntry doc/maybe_types.md
282 silly gunzTarPerm modified mode [ 'doc/maybe_types.md', 436, 420 ]
283 silly gentlyRm /Users/WilliaN/Desktop/IndependentStudies/meteor/checkers/node_modules/.staging/bindings-d4a8a6dc/node_modules is being purged
284 verbose gentlyRm don't care about contents; nuking /Users/WilliaN/Desktop/IndependentStudies/meteor/checkers/node_modules/.staging/bindings-d4a8a6dc/node_modules
285 silly gunzTarPerm extractEntry doc/methods.md
286 silly gunzTarPerm modified mode [ 'doc/methods.md', 436, 420 ]
287 silly gunzTarPerm extractEntry doc/new.md
288 silly gunzTarPerm modified mode [ 'doc/new.md', 436, 420 ]
289 silly gunzTarPerm extractEntry doc/buffers.md
290 silly gunzTarPerm modified mode [ 'doc/buffers.md', 436, 420 ]
291 silly gunzTarPerm extractEntry doc/object_wrappers.md
292 silly gunzTarPerm modified mode [ 'doc/object_wrappers.md', 436, 420 ]
293 silly gunzTarPerm extractEntry doc/persistent.md
294 silly gunzTarPerm modified mode [ 'doc/persistent.md', 436, 420 ]
295 silly gunzTarPerm extractEntry doc/scopes.md
296 silly gunzTarPerm modified mode [ 'doc/scopes.md', 436, 420 ]
297 silly gunzTarPerm extractEntry doc/script.md
298 silly gunzTarPerm modified mode [ 'doc/script.md', 436, 420 ]
299 silly gunzTarPerm extractEntry doc/string_bytes.md
300 silly gunzTarPerm modified mode [ 'doc/string_bytes.md', 436, 420 ]
301 silly gunzTarPerm extractEntry doc/v8_internals.md
302 silly gunzTarPerm modified mode [ 'doc/v8_internals.md', 436, 420 ]
303 silly gunzTarPerm extractEntry doc/v8_misc.md
304 silly gunzTarPerm modified mode [ 'doc/v8_misc.md', 436, 420 ]
305 silly gunzTarPerm extractEntry nan.h
306 silly gunzTarPerm modified mode [ 'nan.h', 436, 420 ]
307 silly gunzTarPerm extractEntry nan_callbacks.h
308 silly gunzTarPerm modified mode [ 'nan_callbacks.h', 436, 420 ]
309 silly gunzTarPerm extractEntry nan_callbacks_12_inl.h
310 silly gunzTarPerm modified mode [ 'nan_callbacks_12_inl.h', 436, 420 ]
311 silly gunzTarPerm extractEntry nan_callbacks_pre_12_inl.h
312 silly gunzTarPerm modified mode [ 'nan_callbacks_pre_12_inl.h', 436, 420 ]
313 silly gunzTarPerm extractEntry nan_converters_43_inl.h
314 silly gunzTarPerm modified mode [ 'nan_converters_43_inl.h', 436, 420 ]
315 silly gunzTarPerm extractEntry nan_converters_pre_43_inl.h
316 silly gunzTarPerm modified mode [ 'nan_converters_pre_43_inl.h', 436, 420 ]
317 silly gunzTarPerm extractEntry nan_implementation_12_inl.h
318 silly gunzTarPerm modified mode [ 'nan_implementation_12_inl.h', 436, 420 ]
319 silly gunzTarPerm extractEntry nan_implementation_pre_12_inl.h
320 silly gunzTarPerm modified mode [ 'nan_implementation_pre_12_inl.h', 436, 420 ]
321 silly gunzTarPerm extractEntry nan_maybe_43_inl.h
322 silly gunzTarPerm modified mode [ 'nan_maybe_43_inl.h', 436, 420 ]
323 silly gunzTarPerm extractEntry nan_maybe_pre_43_inl.h
324 silly gunzTarPerm modified mode [ 'nan_maybe_pre_43_inl.h', 436, 420 ]
325 silly gunzTarPerm extractEntry nan_new.h
326 silly gunzTarPerm modified mode [ 'nan_new.h', 436, 420 ]
327 silly gunzTarPerm extractEntry nan_object_wrap.h
328 silly gunzTarPerm modified mode [ 'nan_object_wrap.h', 436, 420 ]
329 silly gunzTarPerm extractEntry nan_persistent_12_inl.h
330 silly gunzTarPerm modified mode [ 'nan_persistent_12_inl.h', 436, 420 ]
331 silly gunzTarPerm extractEntry nan_persistent_pre_12_inl.h
332 silly gunzTarPerm modified mode [ 'nan_persistent_pre_12_inl.h', 436, 420 ]
333 silly gunzTarPerm extractEntry nan_string_bytes.h
334 silly gunzTarPerm modified mode [ 'nan_string_bytes.h', 436, 420 ]
335 silly gunzTarPerm extractEntry nan_typedarray_contents.h
336 silly gunzTarPerm modified mode [ 'nan_typedarray_contents.h', 436, 420 ]
337 silly gunzTarPerm extractEntry nan_weak.h
338 silly gunzTarPerm modified mode [ 'nan_weak.h', 436, 420 ]
339 silly gunzTarPerm extractEntry CHANGELOG.md
340 silly gunzTarPerm modified mode [ 'CHANGELOG.md', 436, 420 ]
341 silly gunzTarPerm extractEntry tools/package.json
342 silly gunzTarPerm modified mode [ 'tools/package.json', 436, 420 ]
343 silly gunzTarPerm extractEntry tools/README.md
344 silly gunzTarPerm modified mode [ 'tools/README.md', 436, 420 ]
345 silly gunzTarPerm extractEntry tools/1to2.js
346 silly gunzTarPerm modified mode [ 'tools/1to2.js', 509, 493 ]
347 silly gentlyRm /Users/WilliaN/Desktop/IndependentStudies/meteor/checkers/node_modules/.staging/bcrypt-55d96402/node_modules is being purged
348 verbose gentlyRm don't care about contents; nuking /Users/WilliaN/Desktop/IndependentStudies/meteor/checkers/node_modules/.staging/bcrypt-55d96402/node_modules
349 silly gentlyRm /Users/WilliaN/Desktop/IndependentStudies/meteor/checkers/node_modules/.staging/nan-1b757d39/node_modules is being purged
350 verbose gentlyRm don't care about contents; nuking /Users/WilliaN/Desktop/IndependentStudies/meteor/checkers/node_modules/.staging/nan-1b757d39/node_modules
351 silly doParallel preinstall 3
352 silly preinstall bindings@1.2.1 /Users/WilliaN/Desktop/IndependentStudies/meteor/checkers/node_modules/.staging/bindings-d4a8a6dc
353 info lifecycle bindings@1.2.1~preinstall: bindings@1.2.1
354 silly preinstall nan@2.3.5 /Users/WilliaN/Desktop/IndependentStudies/meteor/checkers/node_modules/.staging/nan-1b757d39
355 info lifecycle nan@2.3.5~preinstall: nan@2.3.5
356 silly preinstall bcrypt@0.8.7 /Users/WilliaN/Desktop/IndependentStudies/meteor/checkers/node_modules/.staging/bcrypt-55d96402
357 info lifecycle bcrypt@0.8.7~preinstall: bcrypt@0.8.7
358 silly lifecycle bindings@1.2.1~preinstall: no script for preinstall, continuing
359 silly lifecycle nan@2.3.5~preinstall: no script for preinstall, continuing
360 silly lifecycle bcrypt@0.8.7~preinstall: no script for preinstall, continuing
361 silly doReverseSerial remove 0
362 silly doSerial move 0
363 silly doSerial finalize 3
364 silly finalize /Users/WilliaN/Desktop/IndependentStudies/meteor/checkers/node_modules/bindings
365 silly finalize /Users/WilliaN/Desktop/IndependentStudies/meteor/checkers/node_modules/nan
366 silly finalize /Users/WilliaN/Desktop/IndependentStudies/meteor/checkers/node_modules/bcrypt
367 silly doSerial build 3
368 silly build bindings@1.2.1
369 info linkStuff bindings@1.2.1
370 silly linkStuff bindings@1.2.1 has /Users/WilliaN/Desktop/IndependentStudies/meteor/checkers/node_modules as its parent node_modules
371 verbose linkBins bindings@1.2.1
372 verbose linkMans bindings@1.2.1
373 silly build nan@2.3.5
374 info linkStuff nan@2.3.5
375 silly linkStuff nan@2.3.5 has /Users/WilliaN/Desktop/IndependentStudies/meteor/checkers/node_modules as its parent node_modules
376 verbose linkBins nan@2.3.5
377 verbose linkMans nan@2.3.5
378 silly build bcrypt@0.8.7
379 info linkStuff bcrypt@0.8.7
380 silly linkStuff bcrypt@0.8.7 has /Users/WilliaN/Desktop/IndependentStudies/meteor/checkers/node_modules as its parent node_modules
381 verbose linkBins bcrypt@0.8.7
382 verbose linkMans bcrypt@0.8.7
383 silly doSerial global-link 0
384 silly doParallel update-linked 0
385 silly doSerial install 3
386 silly install bindings@1.2.1 /Users/WilliaN/Desktop/IndependentStudies/meteor/checkers/node_modules/.staging/bindings-d4a8a6dc
387 info lifecycle bindings@1.2.1~install: bindings@1.2.1
388 silly lifecycle bindings@1.2.1~install: no script for install, continuing
389 silly install nan@2.3.5 /Users/WilliaN/Desktop/IndependentStudies/meteor/checkers/node_modules/.staging/nan-1b757d39
390 info lifecycle nan@2.3.5~install: nan@2.3.5
391 silly lifecycle nan@2.3.5~install: no script for install, continuing
392 silly install bcrypt@0.8.7 /Users/WilliaN/Desktop/IndependentStudies/meteor/checkers/node_modules/.staging/bcrypt-55d96402
393 info lifecycle bcrypt@0.8.7~install: bcrypt@0.8.7
394 verbose lifecycle bcrypt@0.8.7~install: unsafe-perm in lifecycle true
395 verbose lifecycle bcrypt@0.8.7~install: PATH: /Users/WilliaN/.meteor/packages/meteor-tool/.1.4.2.linq4z++os.osx.x86_64+web.browser+web.cordova/mt-os.osx.x86_64/dev_bundle/lib/node_modules/npm/bin/node-gyp-bin:/Users/WilliaN/Desktop/IndependentStudies/meteor/checkers/node_modules/bcrypt/node_modules/.bin:/Users/WilliaN/Desktop/IndependentStudies/meteor/checkers/node_modules/.bin:/Users/WilliaN/.meteor/packages/meteor-tool/.1.4.2.linq4z++os.osx.x86_64+web.browser+web.cordova/mt-os.osx.x86_64/dev_bundle/bin:/Users/WilliaN/.meteor/packages/meteor-tool/.1.4.2.linq4z++os.osx.x86_64+web.browser+web.cordova/mt-os.osx.x86_64/dev_bundle/lib/node_modules/.bin:/Library/Frameworks/Python.framework/Versions/3.4/bin:/Library/Frameworks/Python.framework/Versions/3.4/bin:/Library/Frameworks/Python.framework/Versions/3.4/bin:/usr/local/bin:/usr/bin:/bin:/usr/sbin:/sbin:/usr/local/git/bin
396 verbose lifecycle bcrypt@0.8.7~install: CWD: /Users/WilliaN/Desktop/IndependentStudies/meteor/checkers/node_modules/bcrypt
397 silly lifecycle bcrypt@0.8.7~install: Args: [ '-c', 'node-gyp rebuild' ]
398 silly lifecycle bcrypt@0.8.7~install: Returned: code: 1  signal: null
399 info lifecycle bcrypt@0.8.7~install: Failed to exec install script
400 verbose unlock done using /Users/WilliaN/.npm/_locks/staging-c2aef59907174763.lock for /Users/WilliaN/Desktop/IndependentStudies/meteor/checkers/node_modules/.staging
401 silly rollbackFailedOptional Starting
402 silly rollbackFailedOptional Finishing
403 silly runTopLevelLifecycles Finishing
404 silly install printInstalled
405 verbose stack Error: bcrypt@0.8.7 install: `node-gyp rebuild`
405 verbose stack Exit status 1
405 verbose stack     at EventEmitter.<anonymous> (/Users/WilliaN/.meteor/packages/meteor-tool/.1.4.2.linq4z++os.osx.x86_64+web.browser+web.cordova/mt-os.osx.x86_64/dev_bundle/lib/node_modules/npm/lib/utils/lifecycle.js:255:16)
405 verbose stack     at emitTwo (events.js:87:13)
405 verbose stack     at EventEmitter.emit (events.js:172:7)
405 verbose stack     at ChildProcess.<anonymous> (/Users/WilliaN/.meteor/packages/meteor-tool/.1.4.2.linq4z++os.osx.x86_64+web.browser+web.cordova/mt-os.osx.x86_64/dev_bundle/lib/node_modules/npm/lib/utils/spawn.js:40:14)
405 verbose stack     at emitTwo (events.js:87:13)
405 verbose stack     at ChildProcess.emit (events.js:172:7)
405 verbose stack     at maybeClose (internal/child_process.js:829:16)
405 verbose stack     at Process.ChildProcess._handle.onexit (internal/child_process.js:211:5)
406 verbose pkgid bcrypt@0.8.7
407 verbose cwd /Users/WilliaN/Desktop/IndependentStudies/meteor/checkers
408 error Darwin 16.0.0
409 error argv "/Users/WilliaN/.meteor/packages/meteor-tool/.1.4.2.linq4z++os.osx.x86_64+web.browser+web.cordova/mt-os.osx.x86_64/dev_bundle/bin/node" "/Users/WilliaN/.meteor/packages/meteor-tool/.1.4.2.linq4z++os.osx.x86_64+web.browser+web.cordova/mt-os.osx.x86_64/dev_bundle/bin/npm" "install" "--save" "bcrypt"
410 error node v4.6.1
411 error npm  v3.10.9
412 error code ELIFECYCLE
413 error bcrypt@0.8.7 install: `node-gyp rebuild`
413 error Exit status 1
414 error Failed at the bcrypt@0.8.7 install script 'node-gyp rebuild'.
414 error Make sure you have the latest version of node.js and npm installed.
414 error If you do, this is most likely a problem with the bcrypt package,
414 error not with npm itself.
414 error Tell the author that this fails on your system:
414 error     node-gyp rebuild
414 error You can get information on how to open an issue for this project with:
414 error     npm bugs bcrypt
414 error Or if that isn't available, you can get their info via:
414 error     npm owner ls bcrypt
414 error There is likely additional logging output above.
415 verbose exit [ 1, true ]
